<?xml version="1.0" encoding="UTF-8"?>
<!-- Generated by org.testng.reporters.JUnitXMLReporter -->
<testsuite ignored="0" hostname="5CD1517823" failures="1" tests="5" name="Default test" time="10.705" errors="0" timestamp="2024-01-11T23:25:56 IST">
  <testcase classname="io.cucumber.testng.AbstractTestNGCucumberTests" name="runScenario" time="6.611"/>
  <testcase classname="io.cucumber.testng.AbstractTestNGCucumberTests" name="runScenario" time="6.731"/>
  <testcase classname="io.cucumber.testng.AbstractTestNGCucumberTests" name="runScenario" time="10.046"/>
  <testcase classname="io.cucumber.testng.AbstractTestNGCucumberTests" name="runScenario" time="10.232"/>
  <testcase classname="io.cucumber.testng.AbstractTestNGCucumberTests" name="runScenario" time="10.495">
    <failure type="junit.framework.ComparisonFailure" message="expected:&amp;lt;[Customer Login]&amp;gt; but was:&amp;lt;[Home Page]&amp;gt;">
      <![CDATA[junit.framework.ComparisonFailure: expected:<[Customer Login]> but was:<[Home Page]>
at junit.framework.Assert.assertEquals(Assert.java:100)
at junit.framework.Assert.assertEquals(Assert.java:107)
at parallel.HomePageSteps.the_home_title_should_be(HomePageSteps.java:47)
at ✽.the home title should be "Home Page"(classpath:parallel/homePage.feature:11)
]]>
    </failure>
  </testcase> <!-- runScenario -->
</testsuite> <!-- Default test -->
