<?xml version="1.0" encoding="UTF-8"?>
<testng-results ignored="0" total="5" passed="4" failed="1" skipped="0">
  <reporter-output>
  </reporter-output>
  <suite started-at="2024-01-11T23:25:46 IST" name="Default suite" finished-at="2024-01-11T23:25:56 IST" duration-ms="10705">
    <groups>
      <group name="cucumber">
        <method signature="AbstractTestNGCucumberTests.runScenario(io.cucumber.testng.PickleWrapper,io.cucumber.testng.FeatureWrapper)[pri:0, instance:parallel.ParallelRunner@305ffe9e]" name="runScenario" class="io.cucumber.testng.AbstractTestNGCucumberTests"/>
      </group> <!-- cucumber -->
    </groups>
    <test started-at="2024-01-11T23:25:46 IST" name="Default test" finished-at="2024-01-11T23:25:56 IST" duration-ms="10705">
      <class name="parallel.ParallelRunner">
        <test-method is-config="true" signature="setUpClass(org.testng.ITestContext)[pri:0, instance:parallel.ParallelRunner@305ffe9e]" started-at="2024-01-11T23:25:46 IST" name="setUpClass" finished-at="2024-01-11T23:25:46 IST" duration-ms="171" status="PASS">
          <params>
            <param index="0">
              <value>
                <![CDATA[org.testng.TestRunner@36f48b4]]>
              </value>
            </param>
          </params>
          <reporter-output>
          </reporter-output>
        </test-method> <!-- setUpClass -->
        <test-method signature="runScenario(io.cucumber.testng.PickleWrapper,io.cucumber.testng.FeatureWrapper)[pri:0, instance:parallel.ParallelRunner@305ffe9e]" started-at="2024-01-11T23:25:46 IST" name="runScenario" description="Runs Cucumber Scenarios" data-provider="scenarios" finished-at="2024-01-11T23:25:56 IST" duration-ms="10046" status="PASS">
          <params>
            <param index="0">
              <value>
                <![CDATA["Links count"]]>
              </value>
            </param>
            <param index="1">
              <value>
                <![CDATA["Homepage feature"]]>
              </value>
            </param>
          </params>
          <reporter-output>
          </reporter-output>
        </test-method> <!-- runScenario -->
        <test-method signature="runScenario(io.cucumber.testng.PickleWrapper,io.cucumber.testng.FeatureWrapper)[pri:0, instance:parallel.ParallelRunner@305ffe9e]" started-at="2024-01-11T23:25:46 IST" name="runScenario" description="Runs Cucumber Scenarios" data-provider="scenarios" finished-at="2024-01-11T23:25:56 IST" duration-ms="10232" status="PASS">
          <params>
            <param index="0">
              <value>
                <![CDATA["Login to application"]]>
              </value>
            </param>
            <param index="1">
              <value>
                <![CDATA["Login Page Feature"]]>
              </value>
            </param>
          </params>
          <reporter-output>
          </reporter-output>
        </test-method> <!-- runScenario -->
        <test-method signature="runScenario(io.cucumber.testng.PickleWrapper,io.cucumber.testng.FeatureWrapper)[pri:0, instance:parallel.ParallelRunner@305ffe9e]" started-at="2024-01-11T23:25:46 IST" name="runScenario" description="Runs Cucumber Scenarios" data-provider="scenarios" finished-at="2024-01-11T23:25:52 IST" duration-ms="6611" status="PASS">
          <params>
            <param index="0">
              <value>
                <![CDATA["Forgot Pass Link"]]>
              </value>
            </param>
            <param index="1">
              <value>
                <![CDATA["Login Page Feature"]]>
              </value>
            </param>
          </params>
          <reporter-output>
          </reporter-output>
        </test-method> <!-- runScenario -->
        <test-method signature="runScenario(io.cucumber.testng.PickleWrapper,io.cucumber.testng.FeatureWrapper)[pri:0, instance:parallel.ParallelRunner@305ffe9e]" started-at="2024-01-11T23:25:46 IST" name="runScenario" description="Runs Cucumber Scenarios" data-provider="scenarios" finished-at="2024-01-11T23:25:53 IST" duration-ms="6731" status="PASS">
          <params>
            <param index="0">
              <value>
                <![CDATA["Login page title"]]>
              </value>
            </param>
            <param index="1">
              <value>
                <![CDATA["Login Page Feature"]]>
              </value>
            </param>
          </params>
          <reporter-output>
          </reporter-output>
        </test-method> <!-- runScenario -->
        <test-method signature="runScenario(io.cucumber.testng.PickleWrapper,io.cucumber.testng.FeatureWrapper)[pri:0, instance:parallel.ParallelRunner@305ffe9e]" started-at="2024-01-11T23:25:46 IST" name="runScenario" description="Runs Cucumber Scenarios" data-provider="scenarios" finished-at="2024-01-11T23:25:56 IST" duration-ms="10495" status="FAIL">
          <params>
            <param index="0">
              <value>
                <![CDATA["Homepage title"]]>
              </value>
            </param>
            <param index="1">
              <value>
                <![CDATA["Homepage feature"]]>
              </value>
            </param>
          </params>
          <exception class="junit.framework.ComparisonFailure">
            <message>
              <![CDATA[expected:<[Customer Login]> but was:<[Home Page]>]]>
            </message>
            <full-stacktrace>
              <![CDATA[junit.framework.ComparisonFailure: expected:<[Customer Login]> but was:<[Home Page]>
at junit.framework.Assert.assertEquals(Assert.java:100)
at junit.framework.Assert.assertEquals(Assert.java:107)
at parallel.HomePageSteps.the_home_title_should_be(HomePageSteps.java:47)
at ✽.the home title should be "Home Page"(classpath:parallel/homePage.feature:11)
]]>
            </full-stacktrace>
          </exception> <!-- junit.framework.ComparisonFailure -->
          <reporter-output>
          </reporter-output>
        </test-method> <!-- runScenario -->
        <test-method is-config="true" signature="tearDownClass()[pri:0, instance:parallel.ParallelRunner@305ffe9e]" started-at="2024-01-11T23:25:56 IST" name="tearDownClass" finished-at="2024-01-11T23:25:56 IST" duration-ms="3" status="PASS">
          <reporter-output>
          </reporter-output>
        </test-method> <!-- tearDownClass -->
      </class> <!-- parallel.ParallelRunner -->
    </test> <!-- Default test -->
  </suite> <!-- Default suite -->
</testng-results>
