<?xml version="1.0" encoding="UTF-8"?>
<!-- Generated by org.testng.reporters.JUnitReportReporter -->
<testsuite hostname="5CD1517823" failures="1" tests="5" name="parallel.ParallelRunner" time="44.115" errors="0" timestamp="2024-01-11T23:25:56 IST" skipped="0">
  <testcase classname="parallel.ParallelRunner" name="runScenario" time="10.046"/>
  <testcase classname="parallel.ParallelRunner" name="runScenario" time="10.495">
    <failure message="expected:&lt;[Customer Login]&gt; but was:&lt;[Home Page]&gt;" type="junit.framework.ComparisonFailure">
      <![CDATA[junit.framework.ComparisonFailure: expected:<[Customer Login]> but was:<[Home Page]>
at junit.framework.Assert.assertEquals(Assert.java:100)
at junit.framework.Assert.assertEquals(Assert.java:107)
at parallel.HomePageSteps.the_home_title_should_be(HomePageSteps.java:47)
at ✽.the home title should be "Home Page"(classpath:parallel/homePage.feature:11)
]]>
    </failure>
  </testcase> <!-- runScenario -->
  <testcase classname="parallel.ParallelRunner" name="runScenario" time="10.232"/>
  <testcase classname="parallel.ParallelRunner" name="runScenario" time="6.611"/>
  <testcase classname="parallel.ParallelRunner" name="runScenario" time="6.731"/>
</testsuite> <!-- parallel.ParallelRunner -->
